2019-Dec-10 16:19:03 Наличие необходимых модулей php (check_php_modules): Ok
Все необходимые модули установлены
2019-Dec-10 16:19:03 Обязательные параметры PHP (check_php_settings): Fail
Ошибка! Вы используете веб-окружение 1С-Битрикс старой версии (7.4.2), установите актуальную версию, чтобы не было проблем с настройкой сервера (7.4.3
).
2019-Dec-10 16:19:03 Модули веб-сервера (check_security): Ok
Конфликтов не выявлено
2019-Dec-10 16:19:04 Значения переменных сервера (check_server_vars): Ok
Корректные
2019-Dec-10 16:19:04 Сохранение сессии (check_session): Ok
50% done
2019-Dec-10 16:19:04 Сохранение сессии (check_session): Ok
Успешно
2019-Dec-10 16:19:04 Параметры настройки UTF (mbstring и константа BX_UTF) (check_mbstring): Ok
Правильные. Сайт работает в UTF кодировке
2019-Dec-10 16:19:04 Служебные скрипты в корне сайта (check_install_scripts): Ok
Отсутствуют
2019-Dec-10 16:19:04 Работа с сокетами (check_socket): Fail
Connection to ssl://aupcontrol.ru:443	Fail
Socket error [0]: 

Ошибка! Не работает
2019-Dec-10 16:19:05 Выполнение агентов на cron (check_bx_crontab): Warning
Замечание. Агенты выполняются на хитах, рекомендуется перевести выполнение агентов на cron
2019-Dec-10 16:19:05 Параметры подключения к базе данных (check_dbconn_settings): Ok
Успешно
2019-Dec-10 16:19:05 Лишний вывод в файлах конфигурации (check_dbconn): Warning
Замечание. Не удалось проверить из-за ошибки в работе с сокетами
2019-Dec-10 16:19:05 Сохранение сессии без UserAgent (check_session_ua): Warning
Замечание. Не удалось проверить из-за ошибки в работе с сокетами
2019-Dec-10 16:19:05 Настройки сайтов (check_sites): Ok
Правильные
2019-Dec-10 16:19:05 Передача объектов по ссылке (check_clone): Ok
Успешно
2019-Dec-10 16:19:05 Размер стека и pcre.recursion_limit (check_pcre_recursion): Warning
Замечание. Не удалось проверить из-за ошибки в работе с сокетами
2019-Dec-10 16:19:05 Загрузка файла (check_upload): Warning
Замечание. Не удалось проверить из-за ошибки в работе с сокетами
2019-Dec-10 16:19:05 Загрузка файла больше 4Мб (check_upload_big): Warning
Замечание. Не удалось проверить из-за ошибки в работе с сокетами
2019-Dec-10 16:19:05 Загрузка файла через php://input (check_upload_raw): Warning
Замечание. Не удалось проверить из-за ошибки в работе с сокетами
2019-Dec-10 16:19:05 Передача POST запроса с большим числом параметров (check_post): Warning
Замечание. Не удалось проверить из-за ошибки в работе с сокетами
2019-Dec-10 16:19:07 Отправка почты (check_mail): Fail
Ошибка! Не работает
2019-Dec-10 16:19:11 Отправка почтового сообщения больше 64Кб (check_mail_big): Fail
Ошибка! Отправлено. Время отправки: 4.15 сек.
2019-Dec-10 16:19:11 Проверка на наличие неотправленных сообщений (check_mail_b_event): Ok
Успешно
2019-Dec-10 16:19:11 Внутреннее перенаправление (функция LocalRedirect) (check_localredirect): Warning
Замечание. Не удалось проверить из-за ошибки в работе с сокетами
2019-Dec-10 16:19:11 Фактическое ограничение памяти (check_memory_limit): Warning
Замечание. Не удалось проверить из-за ошибки в работе с сокетами
2019-Dec-10 16:19:12 Работа с файлами кеша (check_cache): Ok
Успешно
2019-Dec-10 16:19:12 Доступ к серверу обновлений (check_update): Ok
Успешно
2019-Dec-10 16:19:12 HTTP авторизация (check_http_auth): Warning
Замечание. Не удалось проверить из-за ошибки в работе с сокетами
2019-Dec-10 16:19:12 Создание и запуск файла (check_exec): Warning
Замечание. Не удалось проверить из-за ошибки в работе с сокетами
2019-Dec-10 16:19:12 Функция getimagesize для swf (check_getimagesize): Ok
Успешно
2019-Dec-10 16:19:12 Версия MySQL-сервера (check_mysql_bug_version): Ok
Успешно
2019-Dec-10 16:19:13 Время на БД и веб-сервере (check_mysql_time): Ok
Успешно
2019-Dec-10 16:19:13 Режим работы MySQL (check_mysql_mode): Fail
Ошибка! innodb_strict_mode=ON, требуется OFF
2019-Dec-10 16:19:13 Кодировка соединения (check_mysql_connection_charset): Ok
character_set_connection=utf8, collation_connection=utf8_unicode_ci, character_set_results=utf8
Успешно
2019-Dec-10 16:19:13 Кодировка базы данных (check_mysql_db_charset): Ok
CHARSET=utf8, COLLATION=utf8_unicode_ci
Успешно
2019-Dec-10 16:19:13 Кодировки таблиц в БД (check_mysql_table_charset): Ok
Успешно
2019-Dec-10 16:19:13 Структура базы данных (check_mysql_table_structure): Ok
0% done
2019-Dec-10 16:19:13 Структура базы данных (check_mysql_table_structure): Ok
1% done
2019-Dec-10 16:19:13 Структура базы данных (check_mysql_table_structure): Ok
2% done
2019-Dec-10 16:19:14 Структура базы данных (check_mysql_table_structure): Ok
4% done
2019-Dec-10 16:19:14 Структура базы данных (check_mysql_table_structure): Ok
5% done
2019-Dec-10 16:19:14 Структура базы данных (check_mysql_table_structure): Ok
6% done
2019-Dec-10 16:19:14 Структура базы данных (check_mysql_table_structure): Ok
8% done
2019-Dec-10 16:19:14 Структура базы данных (check_mysql_table_structure): Ok
9% done
2019-Dec-10 16:19:14 Структура базы данных (check_mysql_table_structure): Ok
10% done
2019-Dec-10 16:19:15 Структура базы данных (check_mysql_table_structure): Ok
12% done
2019-Dec-10 16:19:15 Структура базы данных (check_mysql_table_structure): Ok
13% done
2019-Dec-10 16:19:15 Структура базы данных (check_mysql_table_structure): Ok
14% done
2019-Dec-10 16:19:15 Структура базы данных (check_mysql_table_structure): Ok
16% done
2019-Dec-10 16:19:16 Структура базы данных (check_mysql_table_structure): Ok
17% done
2019-Dec-10 16:19:16 Структура базы данных (check_mysql_table_structure): Ok
18% done
2019-Dec-10 16:19:16 Структура базы данных (check_mysql_table_structure): Ok
20% done
2019-Dec-10 16:19:16 Структура базы данных (check_mysql_table_structure): Ok
21% done
2019-Dec-10 16:19:17 Структура базы данных (check_mysql_table_structure): Ok
22% done
2019-Dec-10 16:19:17 Структура базы данных (check_mysql_table_structure): Ok
24% done
2019-Dec-10 16:19:17 Структура базы данных (check_mysql_table_structure): Ok
25% done
2019-Dec-10 16:19:17 Структура базы данных (check_mysql_table_structure): Ok
27% done
2019-Dec-10 16:19:17 Структура базы данных (check_mysql_table_structure): Ok
28% done
2019-Dec-10 16:19:17 Структура базы данных (check_mysql_table_structure): Ok
29% done
2019-Dec-10 16:19:17 Структура базы данных (check_mysql_table_structure): Ok
31% done
2019-Dec-10 16:19:18 Структура базы данных (check_mysql_table_structure): Ok
32% done
2019-Dec-10 16:19:18 Структура базы данных (check_mysql_table_structure): Ok
33% done
2019-Dec-10 16:19:18 Структура базы данных (check_mysql_table_structure): Ok
35% done
2019-Dec-10 16:19:18 Структура базы данных (check_mysql_table_structure): Ok
36% done
2019-Dec-10 16:19:18 Структура базы данных (check_mysql_table_structure): Ok
37% done
2019-Dec-10 16:19:18 Структура базы данных (check_mysql_table_structure): Ok
39% done
2019-Dec-10 16:19:19 Структура базы данных (check_mysql_table_structure): Ok
40% done
2019-Dec-10 16:19:19 Структура базы данных (check_mysql_table_structure): Ok
41% done
2019-Dec-10 16:19:19 Структура базы данных (check_mysql_table_structure): Ok
43% done
2019-Dec-10 16:19:20 Структура базы данных (check_mysql_table_structure): Ok
44% done
2019-Dec-10 16:19:20 Структура базы данных (check_mysql_table_structure): Ok
45% done
2019-Dec-10 16:19:20 Структура базы данных (check_mysql_table_structure): Ok
47% done
2019-Dec-10 16:19:21 Структура базы данных (check_mysql_table_structure): Ok
48% done
2019-Dec-10 16:19:21 Структура базы данных (check_mysql_table_structure): Ok
50% done
2019-Dec-10 16:19:21 Структура базы данных (check_mysql_table_structure): Ok
51% done
2019-Dec-10 16:19:22 Структура базы данных (check_mysql_table_structure): Ok
52% done
2019-Dec-10 16:19:22 Структура базы данных (check_mysql_table_structure): Ok
54% done
2019-Dec-10 16:19:22 Структура базы данных (check_mysql_table_structure): Ok
55% done
2019-Dec-10 16:19:24 Структура базы данных (check_mysql_table_structure): Ok
56% done
2019-Dec-10 16:19:24 Структура базы данных (check_mysql_table_structure): Ok
58% done
2019-Dec-10 16:19:26 Структура базы данных (check_mysql_table_structure): Ok
59% done
2019-Dec-10 16:19:26 Структура базы данных (check_mysql_table_structure): Ok
60% done
2019-Dec-10 16:19:26 Структура базы данных (check_mysql_table_structure): Ok
62% done
2019-Dec-10 16:19:26 Структура базы данных (check_mysql_table_structure): Ok
63% done
2019-Dec-10 16:19:26 Структура базы данных (check_mysql_table_structure): Ok
64% done
2019-Dec-10 16:19:27 Структура базы данных (check_mysql_table_structure): Ok
66% done
2019-Dec-10 16:19:27 Структура базы данных (check_mysql_table_structure): Ok
67% done
2019-Dec-10 16:19:28 Структура базы данных (check_mysql_table_structure): Ok
68% done
2019-Dec-10 16:19:28 Структура базы данных (check_mysql_table_structure): Ok
70% done
2019-Dec-10 16:19:28 Структура базы данных (check_mysql_table_structure): Ok
71% done
2019-Dec-10 16:19:28 Структура базы данных (check_mysql_table_structure): Ok
72% done
2019-Dec-10 16:19:28 Структура базы данных (check_mysql_table_structure): Ok
74% done
2019-Dec-10 16:19:31 Структура базы данных (check_mysql_table_structure): Ok
75% done
2019-Dec-10 16:19:32 Структура базы данных (check_mysql_table_structure): Ok
77% done
2019-Dec-10 16:19:32 Структура базы данных (check_mysql_table_structure): Ok
78% done
2019-Dec-10 16:19:32 Структура базы данных (check_mysql_table_structure): Ok
79% done
2019-Dec-10 16:19:32 Структура базы данных (check_mysql_table_structure): Ok
81% done
2019-Dec-10 16:19:33 Структура базы данных (check_mysql_table_structure): Ok
82% done
2019-Dec-10 16:19:33 Структура базы данных (check_mysql_table_structure): Ok
83% done
2019-Dec-10 16:19:33 Структура базы данных (check_mysql_table_structure): Ok
85% done
2019-Dec-10 16:19:33 Структура базы данных (check_mysql_table_structure): Ok
86% done
2019-Dec-10 16:19:33 Структура базы данных (check_mysql_table_structure): Ok
87% done
2019-Dec-10 16:19:33 Структура базы данных (check_mysql_table_structure): Ok
89% done
2019-Dec-10 16:19:33 Структура базы данных (check_mysql_table_structure): Ok
90% done
2019-Dec-10 16:19:33 Структура базы данных (check_mysql_table_structure): Ok
91% done
2019-Dec-10 16:19:33 Структура базы данных (check_mysql_table_structure): Ok
93% done
2019-Dec-10 16:19:33 Структура базы данных (check_mysql_table_structure): Ok
94% done
2019-Dec-10 16:19:34 Структура базы данных (check_mysql_table_structure): Ok
95% done
2019-Dec-10 16:19:34 Структура базы данных (check_mysql_table_structure): Ok
97% done
2019-Dec-10 16:19:34 Структура базы данных (check_mysql_table_structure): Ok
98% done
2019-Dec-10 16:19:35 Структура базы данных (check_mysql_table_structure): Ok
Успешно
